mars 26, 2019 4:46:44 PM com.sun.jini.tool.ClassServer run
INFO: ClassServer started [[/C:/Users/Quentin/eclipse-workspace/river/river/target/lib\], port 8065]
mars 26, 2019 4:47:02 PM com.sun.jini.reggie.RegistrarImpl init
INFO: started Reggie: 888877b1-b54a-464e-b8cd-5f11cc9b83b5, [river-group], ConstrainableLookupLocator[[jini://PC-Quentin/], [null]]
mars 26, 2019 4:47:15 PM com.sun.jini.outrigger.OutriggerServerImpl <init>
INFO: Outrigger server started: com.sun.jini.outrigger.OutriggerServerImpl@272113c4
mars 26, 2019 4:47:27 PM com.sun.jini.mahalo.TxnManagerImpl doInit
INFO: Mahalo started: com.sun.jini.mahalo.TransientMahaloImpl@54422e18
java.net.SocketException: Software caused connection abort: socket write error
	at java.base/java.net.SocketOutputStream.socketWrite0(Native Method)
	at java.base/java.net.SocketOutputStream.socketWrite(SocketOutputStream.java:110)
	at java.base/java.net.SocketOutputStream.write(SocketOutputStream.java:129)
	at java.base/java.io.DataOutputStream.writeBytes(DataOutputStream.java:276)
	at com.sun.jini.tool.ClassServer$Task.run(ClassServer.java:638)
java.net.SocketException: Software caused connection abort: socket write error
	at java.base/java.net.SocketOutputStream.socketWrite0(Native Method)
	at java.base/java.net.SocketOutputStream.socketWrite(SocketOutputStream.java:110)
	at java.base/java.net.SocketOutputStream.write(SocketOutputStream.java:129)
	at java.base/java.io.DataOutputStream.writeBytes(DataOutputStream.java:276)
	at com.sun.jini.tool.ClassServer$Task.run(ClassServer.java:638)
java.net.SocketException: Software caused connection abort: socket write error
	at java.base/java.net.SocketOutputStream.socketWrite0(Native Method)
	at java.base/java.net.SocketOutputStream.socketWrite(SocketOutputStream.java:110)
	at java.base/java.net.SocketOutputStream.write(SocketOutputStream.java:129)
	at java.base/java.io.DataOutputStream.writeBytes(DataOutputStream.java:276)
	at com.sun.jini.tool.ClassServer$Task.run(ClassServer.java:638)
java.net.SocketException: Software caused connection abort: socket write error
	at java.base/java.net.SocketOutputStream.socketWrite0(Native Method)
	at java.base/java.net.SocketOutputStream.socketWrite(SocketOutputStream.java:110)
	at java.base/java.net.SocketOutputStream.write(SocketOutputStream.java:129)
	at java.base/java.io.DataOutputStream.writeBytes(DataOutputStream.java:276)
	at com.sun.jini.tool.ClassServer$Task.run(ClassServer.java:638)
java.net.SocketException: Software caused connection abort: socket write error
	at java.base/java.net.SocketOutputStream.socketWrite0(Native Method)
	at java.base/java.net.SocketOutputStream.socketWrite(SocketOutputStream.java:110)
	at java.base/java.net.SocketOutputStream.write(SocketOutputStream.java:129)
	at java.base/java.io.DataOutputStream.writeBytes(DataOutputStream.java:276)
	at com.sun.jini.tool.ClassServer$Task.run(ClassServer.java:638)
java.net.SocketException: Software caused connection abort: socket write error
	at java.base/java.net.SocketOutputStream.socketWrite0(Native Method)
	at java.base/java.net.SocketOutputStream.socketWrite(SocketOutputStream.java:110)
	at java.base/java.net.SocketOutputStream.write(SocketOutputStream.java:129)
	at java.base/java.io.DataOutputStream.writeBytes(DataOutputStream.java:276)
	at com.sun.jini.tool.ClassServer$Task.run(ClassServer.java:638)
java.net.SocketException: Software caused connection abort: socket write error
	at java.base/java.net.SocketOutputStream.socketWrite0(Native Method)
	at java.base/java.net.SocketOutputStream.socketWrite(SocketOutputStream.java:110)
	at java.base/java.net.SocketOutputStream.write(SocketOutputStream.java:129)
	at java.base/java.io.DataOutputStream.writeBytes(DataOutputStream.java:276)
	at com.sun.jini.tool.ClassServer$Task.run(ClassServer.java:638)
java.net.SocketException: Software caused connection abort: socket write error
	at java.base/java.net.SocketOutputStream.socketWrite0(Native Method)
	at java.base/java.net.SocketOutputStream.socketWrite(SocketOutputStream.java:110)
	at java.base/java.net.SocketOutputStream.write(SocketOutputStream.java:129)
	at java.base/java.io.DataOutputStream.writeBytes(DataOutputStream.java:276)
	at com.sun.jini.tool.ClassServer$Task.run(ClassServer.java:638)
java.net.SocketException: Software caused connection abort: socket write error
	at java.base/java.net.SocketOutputStream.socketWrite0(Native Method)
	at java.base/java.net.SocketOutputStream.socketWrite(SocketOutputStream.java:110)
	at java.base/java.net.SocketOutputStream.write(SocketOutputStream.java:129)
	at java.base/java.io.DataOutputStream.writeBytes(DataOutputStream.java:276)
	at com.sun.jini.tool.ClassServer$Task.run(ClassServer.java:638)
java.net.SocketException: Connection reset
	at java.base/java.net.SocketInputStream.read(SocketInputStream.java:186)
	at java.base/java.net.SocketInputStream.read(SocketInputStream.java:140)
	at java.base/java.io.BufferedInputStream.fill(BufferedInputStream.java:252)
	at java.base/java.io.BufferedInputStream.read(BufferedInputStream.java:271)
	at com.sun.jini.tool.ClassServer.readLine(ClassServer.java:433)
	at com.sun.jini.tool.ClassServer.getInput(ClassServer.java:497)
	at com.sun.jini.tool.ClassServer.access$400(ClassServer.java:163)
	at com.sun.jini.tool.ClassServer$Task.run(ClassServer.java:587)
java.net.SocketException: Software caused connection abort: socket write error
	at java.base/java.net.SocketOutputStream.socketWrite0(Native Method)
	at java.base/java.net.SocketOutputStream.socketWrite(SocketOutputStream.java:110)
	at java.base/java.net.SocketOutputStream.write(SocketOutputStream.java:129)
	at java.base/java.io.DataOutputStream.writeBytes(DataOutputStream.java:276)
	at com.sun.jini.tool.ClassServer$Task.run(ClassServer.java:638)
java.net.SocketException: Software caused connection abort: socket write error
	at java.base/java.net.SocketOutputStream.socketWrite0(Native Method)
	at java.base/java.net.SocketOutputStream.socketWrite(SocketOutputStream.java:110)
	at java.base/java.net.SocketOutputStream.write(SocketOutputStream.java:129)
	at java.base/java.io.DataOutputStream.writeBytes(DataOutputStream.java:276)
	at com.sun.jini.tool.ClassServer$Task.run(ClassServer.java:638)
java.net.SocketException: Software caused connection abort: socket write error
	at java.base/java.net.SocketOutputStream.socketWrite0(Native Method)
	at java.base/java.net.SocketOutputStream.socketWrite(SocketOutputStream.java:110)
	at java.base/java.net.SocketOutputStream.write(SocketOutputStream.java:129)
	at java.base/java.io.DataOutputStream.writeBytes(DataOutputStream.java:276)
	at com.sun.jini.tool.ClassServer$Task.run(ClassServer.java:638)
java.net.SocketException: Software caused connection abort: socket write error
	at java.base/java.net.SocketOutputStream.socketWrite0(Native Method)
	at java.base/java.net.SocketOutputStream.socketWrite(SocketOutputStream.java:110)
	at java.base/java.net.SocketOutputStream.write(SocketOutputStream.java:129)
	at java.base/java.io.DataOutputStream.writeBytes(DataOutputStream.java:276)
	at com.sun.jini.tool.ClassServer$Task.run(ClassServer.java:638)
java.net.SocketException: Software caused connection abort: socket write error
	at java.base/java.net.SocketOutputStream.socketWrite0(Native Method)
	at java.base/java.net.SocketOutputStream.socketWrite(SocketOutputStream.java:110)
	at java.base/java.net.SocketOutputStream.write(SocketOutputStream.java:129)
	at java.base/java.io.DataOutputStream.writeBytes(DataOutputStream.java:276)
	at com.sun.jini.tool.ClassServer$Task.run(ClassServer.java:638)
java.net.SocketException: Software caused connection abort: socket write error
	at java.base/java.net.SocketOutputStream.socketWrite0(Native Method)
	at java.base/java.net.SocketOutputStream.socketWrite(SocketOutputStream.java:110)
	at java.base/java.net.SocketOutputStream.write(SocketOutputStream.java:129)
	at java.base/java.io.DataOutputStream.writeBytes(DataOutputStream.java:276)
	at com.sun.jini.tool.ClassServer$Task.run(ClassServer.java:638)
java.net.SocketException: Connection reset
	at java.base/java.net.SocketInputStream.read(SocketInputStream.java:186)
	at java.base/java.net.SocketInputStream.read(SocketInputStream.java:140)
	at java.base/java.io.BufferedInputStream.fill(BufferedInputStream.java:252)
	at java.base/java.io.BufferedInputStream.read(BufferedInputStream.java:271)
	at com.sun.jini.tool.ClassServer.readLine(ClassServer.java:433)
	at com.sun.jini.tool.ClassServer.getInput(ClassServer.java:497)
	at com.sun.jini.tool.ClassServer.access$400(ClassServer.java:163)
	at com.sun.jini.tool.ClassServer$Task.run(ClassServer.java:587)
